\BOOKMARK [0][-]{chapter*.1}{\376\377\000R\000\351\000s\000u\000m\000\351}{}% 1
\BOOKMARK [0][-]{chapter.1}{\376\377\000I\000n\000t\000r\000o\000d\000u\000c\000t\000i\000o\000n\000\040\000g\000\351\000n\000\351\000r\000a\000l\000e}{}% 2
\BOOKMARK [1][-]{section.1.1}{\376\377\000C\000o\000n\000t\000e\000x\000t\000e}{chapter.1}% 3
\BOOKMARK [1][-]{section.1.2}{\376\377\000P\000r\000o\000b\000l\000\351\000m\000a\000t\000i\000q\000u\000e}{chapter.1}% 4
\BOOKMARK [1][-]{section.1.3}{\376\377\000O\000b\000j\000e\000c\000t\000i\000f\000s}{chapter.1}% 5
\BOOKMARK [2][-]{subsection.1.3.1}{\376\377\000O\000b\000j\000e\000c\000t\000i\000f\000\040\000g\000\351\000n\000\351\000r\000a\000l}{section.1.3}% 6
\BOOKMARK [2][-]{subsection.1.3.2}{\376\377\000O\000b\000j\000e\000c\000t\000i\000f\000s\000\040\000s\000p\000\351\000c\000i\000f\000i\000q\000u\000e\000s}{section.1.3}% 7
\BOOKMARK [1][-]{section.1.4}{\376\377\000M\000\351\000t\000h\000o\000d\000o\000l\000o\000g\000i\000e\000\040\000a\000d\000o\000p\000t\000\351\000e}{chapter.1}% 8
\BOOKMARK [1][-]{section.1.5}{\376\377\000S\000t\000r\000u\000c\000t\000u\000r\000e\000\040\000d\000u\000\040\000d\000o\000c\000u\000m\000e\000n\000t}{chapter.1}% 9
\BOOKMARK [0][-]{chapter.2}{\376\377\000C\000a\000d\000r\000e\000\040\000t\000h\000\351\000o\000r\000i\000q\000u\000e\000\040\000e\000t\000\040\000t\000e\000c\000h\000n\000o\000l\000o\000g\000i\000q\000u\000e}{}% 10
\BOOKMARK [1][-]{section.2.1}{\376\377\000D\000\351\000f\000i\000n\000i\000t\000i\000o\000n\000s\000\040\000d\000e\000s\000\040\000c\000o\000n\000c\000e\000p\000t\000s\000\040\000c\000l\000\351\000s}{chapter.2}% 11
\BOOKMARK [1][-]{section.2.2}{\376\377\000P\000r\000\351\000s\000e\000n\000t\000a\000t\000i\000o\000n\000\040\000d\000e\000s\000\040\000o\000u\000t\000i\000l\000s\000\040\000o\000u\000\040\000t\000e\000c\000h\000n\000o\000l\000o\000g\000i\000e\000s\000\040\000u\000t\000i\000l\000i\000s\000\351\000s}{chapter.2}% 12
\BOOKMARK [0][-]{chapter.3}{\376\377\000R\000\351\000a\000l\000i\000s\000a\000t\000i\000o\000n\000\040\000d\000u\000\040\000p\000r\000o\000j\000e\000t}{}% 13
\BOOKMARK [1][-]{section.3.1}{\376\377\000A\000n\000a\000l\000y\000s\000e\000\040\000d\000e\000s\000\040\000b\000e\000s\000o\000i\000n\000s}{chapter.3}% 14
\BOOKMARK [1][-]{section.3.2}{\376\377\000A\000r\000c\000h\000i\000t\000e\000c\000t\000u\000r\000e\000\040\000d\000e\000\040\000l\000a\000\040\000s\000o\000l\000u\000t\000i\000o\000n}{chapter.3}% 15
\BOOKMARK [1][-]{section.3.3}{\376\377\000\311\000t\000a\000p\000e\000s\000\040\000d\000e\000\040\000m\000i\000s\000e\000\040\000e\000n\000\040\001\123\000u\000v\000r\000e}{chapter.3}% 16
\BOOKMARK [1][-]{section.3.4}{\376\377\000R\000\351\000s\000u\000l\000t\000a\000t\000s\000\040\000o\000b\000t\000e\000n\000u\000s}{chapter.3}% 17
\BOOKMARK [0][-]{chapter.4}{\376\377\000D\000i\000f\000f\000i\000c\000u\000l\000t\000\351\000s\000\040\000r\000e\000n\000c\000o\000n\000t\000r\000\351\000e\000s\000\040\000e\000t\000\040\000l\000i\000m\000i\000t\000e\000s}{}% 18
\BOOKMARK [1][-]{section.4.1}{\376\377\000D\000i\000f\000f\000i\000c\000u\000l\000t\000\351\000s\000\040\000r\000e\000n\000c\000o\000n\000t\000r\000\351\000e\000s}{chapter.4}% 19
\BOOKMARK [1][-]{section.4.2}{\376\377\000L\000i\000m\000i\000t\000e\000s\000\040\000d\000e\000\040\000l\000a\000\040\000s\000o\000l\000u\000t\000i\000o\000n}{chapter.4}% 20
\BOOKMARK [0][-]{chapter.5}{\376\377\000C\000o\000n\000c\000l\000u\000s\000i\000o\000n\000\040\000g\000\351\000n\000\351\000r\000a\000l\000e}{}% 21
\BOOKMARK [1][-]{section.5.1}{\376\377\000R\000\351\000c\000a\000p\000i\000t\000u\000l\000a\000t\000i\000f}{chapter.5}% 22
\BOOKMARK [1][-]{section.5.2}{\376\377\000A\000p\000p\000o\000r\000t\000s\000\040\000d\000u\000\040\000p\000r\000o\000j\000e\000t}{chapter.5}% 23
\BOOKMARK [1][-]{section.5.3}{\376\377\000P\000e\000r\000s\000p\000e\000c\000t\000i\000v\000e\000s}{chapter.5}% 24
\BOOKMARK [0][-]{chapter.6}{\376\377\000B\000i\000b\000l\000i\000o\000g\000r\000a\000p\000h\000i\000e\000\040\000e\000t\000\040\000W\000e\000b\000o\000g\000r\000a\000p\000h\000i\000e}{}% 25
\BOOKMARK [1][-]{section*.3}{\376\377\000B\000i\000b\000l\000i\000o\000g\000r\000a\000p\000h\000i\000e}{chapter.6}% 26
\BOOKMARK [0][-]{chapter.7}{\376\377\000A\000n\000n\000e\000x\000e\000s}{}% 27
\BOOKMARK [1][-]{section.7.1}{\376\377\000A\000n\000n\000e\000x\000e\000\040\0001\000\040\040\023\000\040\000E\000x\000t\000r\000a\000i\000t\000\040\000d\000u\000\040\000c\000o\000d\000e\000\040\000d\000'\000i\000n\000f\000\351\000r\000e\000n\000c\000e\000\040\000e\000m\000b\000a\000r\000q\000u\000\351\000e}{chapter.7}% 28
\BOOKMARK [1][-]{section.7.2}{\376\377\000A\000n\000n\000e\000x\000e\000\040\0002\000\040\040\023\000\040\000E\000x\000t\000r\000a\000i\000t\000\040\000d\000e\000\040\000l\000a\000\040\000c\000o\000r\000r\000e\000c\000t\000i\000o\000n\000\040\000d\000e\000\040\000l\000e\000c\000t\000u\000r\000e\000\040\000N\000F\000C\000\040\000\050\000a\000u\000t\000h\000e\000n\000t\000i\000f\000i\000c\000a\000t\000i\000o\000n\000\051}{chapter.7}% 29
\BOOKMARK [1][-]{section.7.3}{\376\377\000A\000n\000n\000e\000x\000e\000\040\0003\000\040\040\023\000\040\000A\000r\000c\000h\000i\000t\000e\000c\000t\000u\000r\000e\000\040\000d\000u\000\040\000m\000o\000d\000\350\000l\000e\000\040\000\050\000P\000y\000t\000h\000o\000n\000/\000K\000e\000r\000a\000s\000\051}{chapter.7}% 30
\BOOKMARK [1][-]{section.7.4}{\376\377\000A\000n\000n\000e\000x\000e\000\040\0004\000\040\040\023\000\040\000L\000i\000s\000t\000e\000\040\000d\000e\000s\000\040\0001\0009\000\040\000c\000l\000a\000s\000s\000e\000s\000\040\000d\000i\000a\000g\000n\000o\000s\000t\000i\000q\000u\000\351\000e\000s}{chapter.7}% 31
\BOOKMARK [1][-]{section.7.5}{\376\377\000A\000n\000n\000e\000x\000e\000\040\0005\000\040\040\023\000\040\000S\000y\000n\000t\000h\000\350\000s\000e\000\040\000d\000e\000s\000\040\000c\000h\000o\000i\000x\000\040\000l\000o\000g\000i\000c\000i\000e\000l\000s\000\040\000r\000e\000t\000e\000n\000u\000s}{chapter.7}% 32
